062423 06:34:57 PM: INFO: **************** Test_001_login ***********
062423 06:34:57 PM: INFO: **************** Veryfying home page title ***********
062423 06:35:02 PM: INFO: **************** Home page title is passed ***********
062423 06:35:06 PM: INFO: **************** Veryfying login page ***********
062423 06:35:16 PM: INFO: **************** Login page is passed ***********
062423 06:38:41 PM: INFO: **************** Test_001_login ***********
062423 06:38:41 PM: INFO: **************** Veryfying home page title ***********
062423 06:38:46 PM: INFO: **************** Home page title is passed ***********
062423 06:38:51 PM: INFO: **************** Veryfying login page ***********
062423 06:38:59 PM: INFO: **************** Login page is passed ***********
06/24/23 07:37:40 PM: INFO: **************** Test_001_login ***********
06/24/23 07:37:40 PM: INFO: **************** Veryfying home page title ***********
06/24/23 07:37:46 PM: INFO: **************** Home page title is passed ***********
06/24/23 07:37:53 PM: INFO: **************** Veryfying login page ***********
06/24/23 07:38:04 PM: INFO: **************** Login page is passed ***********
06/26/23 01:58:25 PM: INFO: **************** Test_001_login ***********
06/26/23 01:58:25 PM: INFO: **************** Veryfying home page title ***********
06/26/23 01:58:32 PM: INFO: **************** Home page title is passed ***********
06/26/23 01:58:36 PM: INFO: **************** Veryfying login page ***********
06/26/23 01:58:48 PM: INFO: **************** Login page is passed ***********
06/26/23 02:17:20 PM: INFO: **************** Test_001_login ***********
06/26/23 02:17:20 PM: INFO: **************** Veryfying home page title ***********
06/26/23 02:17:26 PM: INFO: **************** Home page title is passed ***********
06/26/23 02:17:32 PM: INFO: **************** Veryfying login page ***********
06/26/23 02:17:42 PM: INFO: **************** Login page is passed ***********
06/26/23 05:47:02 PM: INFO: **************** Veryfying login page ***********
06/26/23 05:47:03 PM: INFO: **************** Test_001_login ***********
06/26/23 05:47:03 PM: INFO: **************** Veryfying home page title ***********
06/26/23 05:47:09 PM: INFO: **************** Home page title is passed ***********
06/26/23 05:47:13 PM: INFO: **************** Login page is passed ***********
06/26/23 07:22:48 PM: INFO: **************** Test_001_login ***********
06/26/23 07:22:48 PM: INFO: **************** Veryfying home page title ***********
06/26/23 07:22:51 PM: INFO: **************** Veryfying login page ***********
06/26/23 07:22:58 PM: INFO: **************** Home page title is passed ***********
06/26/23 07:23:02 PM: INFO: **************** Login page is passed ***********
